<testsuites>
	<testsuite id="1" tests="1" failures="1" package="/Users/alper/Desktop/TestAutomationCase/specs/kap-notification-export.spec" time="20.788" timestamp="2025-08-04T17:52:05" name="Specification: KAP Bildirim Testi" errors="0" hostname="ip-10-1-32-36.eu-central-1.compute.internal">
		<properties></properties>
		<testcase classname="Specification: KAP Bildirim Testi" name="Scenario: Masaüstü Web arayüzü için QNB bildirimi detaylı arama ve Excel kontrolü" time="20.788">
			<failure message="XLS dosyasındaki veriler ile web sayfasındaki veriler karşılaştırılır &#34;/target/downloads/Bildirimler.xls&#34;&#xA;Concept Execution Failure: &#39;java.lang.Exception: Web sayfasında bulunamayan alan: Yapılan Açıklama Düzeltme mi?&#39;" type="XLS dosyasındaki veriler ile web sayfasındaki veriler karşılaştırılır &#34;/target/downloads/Bildirimler.xls&#34;&#xA;Concept Execution Failure: &#39;java.lang.Exception: Web sayfasında bulunamayan alan: Yapılan Açıklama Düzeltme mi?&#39;">java.lang.Exception: Web sayfasında bulunamayan alan: Yapılan Açıklama Düzeltme mi?&#xA;&#x9;at utils.CompareUtils.compareHtmlWithWeb(CompareUtils.java:50)&#xA;&#x9;at steps.NotificationDetailsImpl.compareHtmlWithWeb(NotificationDetailsImpl.java:44)&#xA;&#x9;at java.base/jdk.internal.reflect.NativeMethodAccessorImpl.invoke0(Native Method)&#xA;&#x9;at java.base/jdk.internal.reflect.NativeMethodAccessorImpl.invoke(NativeMethodAccessorImpl.java:77)&#xA;&#x9;at java.base/jdk.internal.reflect.DelegatingMethodAccessorImpl.invoke(DelegatingMethodAccessorImpl.java:43)&#xA;&#x9;at java.base/java.lang.reflect.Method.invoke(Method.java:568)&#xA;&#x9;at com.thoughtworks.gauge.execution.MethodExecutor.execute(MethodExecutor.java:31)&#xA;&#x9;at com.thoughtworks.gauge.execution.StepExecutionStage.executeStepMethod(StepExecutionStage.java:66)&#xA;&#x9;at com.thoughtworks.gauge.execution.StepExecutionStage.executeStep(StepExecutionStage.java:59)&#xA;&#x9;at com.thoughtworks.gauge.execution.StepExecutionStage.execute(StepExecutionStage.java:41)&#xA;&#x9;at com.thoughtworks.gauge.execution.AbstractExecutionStage.executeNext(AbstractExecutionStage.java:14)&#xA;&#x9;at com.thoughtworks.gauge.execution.HookExecutionStage.execute(HookExecutionStage.java:33)&#xA;&#x9;at com.thoughtworks.gauge.execution.ExecutionPipeline.start(ExecutionPipeline.java:19)&#xA;&#x9;at com.thoughtworks.gauge.processor.ExecuteStepProcessor.process(ExecuteStepProcessor.java:44)&#xA;&#x9;at com.thoughtworks.gauge.RunnerServiceHandler.lambda$executeStep$7(RunnerServiceHandler.java:166)&#xA;&#x9;at java.base/java.util.concurrent.ThreadPoolExecutor.runWorker(ThreadPoolExecutor.java:1136)&#xA;&#x9;at java.base/java.util.concurrent.ThreadPoolExecutor$Worker.run(ThreadPoolExecutor.java:635)&#xA;&#x9;at java.base/java.lang.Thread.run(Thread.java:842)&#xA;</failure>
		</testcase>
		<system-out></system-out>
		<system-err></system-err>
	</testsuite>
</testsuites>